<?xml version="1.0" encoding="UTF-8"?>
<testng-results ignored="0" total="7" passed="6" failed="1" skipped="0">
  <reporter-output>
  </reporter-output>
  <suite started-at="2022-01-08T07:26:35Z" name="Default suite" finished-at="2022-01-08T07:29:03Z" duration-ms="148271">
    <groups>
    </groups>
    <test started-at="2022-01-08T07:26:35Z" name="Default test" finished-at="2022-01-08T07:29:03Z" duration-ms="148271">
      <class name="selenium.webdriver1.testAladaPage">
        <test-method is-config="true" signature="beforeClass()[pri:0, instance:selenium.webdriver1.testAladaPage@6bf0219d]" started-at="2022-01-08T07:26:35Z" name="beforeClass" finished-at="2022-01-08T07:26:57Z" duration-ms="22302" status="PASS">
          <reporter-output>
          </reporter-output>
        </test-method> <!-- beforeClass -->
        <test-method signature="TC_01_Register_Invalid_Data()[pri:0, instance:selenium.webdriver1.testAladaPage@6bf0219d]" started-at="2022-01-08T07:26:57Z" name="TC_01_Register_Invalid_Data" finished-at="2022-01-08T07:27:35Z" duration-ms="38043" status="PASS">
          <reporter-output>
          </reporter-output>
        </test-method> <!-- TC_01_Register_Invalid_Data -->
        <test-method signature="TC_02_Register_Invalid_Email()[pri:0, instance:selenium.webdriver1.testAladaPage@6bf0219d]" started-at="2022-01-08T07:27:35Z" name="TC_02_Register_Invalid_Email" finished-at="2022-01-08T07:28:11Z" duration-ms="35402" status="PASS">
          <reporter-output>
          </reporter-output>
        </test-method> <!-- TC_02_Register_Invalid_Email -->
        <test-method signature="TC_03_Register_Incorrect_Email()[pri:0, instance:selenium.webdriver1.testAladaPage@6bf0219d]" started-at="2022-01-08T07:28:11Z" name="TC_03_Register_Incorrect_Email" finished-at="2022-01-08T07:28:14Z" duration-ms="3920" status="PASS">
          <reporter-output>
          </reporter-output>
        </test-method> <!-- TC_03_Register_Incorrect_Email -->
        <test-method signature="TC_04_Register_Password_Less_Than_6_Chars()[pri:0, instance:selenium.webdriver1.testAladaPage@6bf0219d]" started-at="2022-01-08T07:28:14Z" name="TC_04_Register_Password_Less_Than_6_Chars" finished-at="2022-01-08T07:28:18Z" duration-ms="3535" status="PASS">
          <reporter-output>
          </reporter-output>
        </test-method> <!-- TC_04_Register_Password_Less_Than_6_Chars -->
        <test-method signature="TC_05_Register_Incorrec_Password()[pri:0, instance:selenium.webdriver1.testAladaPage@6bf0219d]" started-at="2022-01-08T07:28:18Z" name="TC_05_Register_Incorrec_Password" finished-at="2022-01-08T07:28:21Z" duration-ms="3458" status="PASS">
          <reporter-output>
          </reporter-output>
        </test-method> <!-- TC_05_Register_Incorrec_Password -->
        <test-method signature="TC_06_Register_Incorrec_Phone()[pri:0, instance:selenium.webdriver1.testAladaPage@6bf0219d]" started-at="2022-01-08T07:28:21Z" name="TC_06_Register_Incorrec_Phone" finished-at="2022-01-08T07:28:26Z" duration-ms="4096" status="PASS">
          <reporter-output>
          </reporter-output>
        </test-method> <!-- TC_06_Register_Incorrec_Phone -->
        <test-method signature="TC_07_Regester_Invalid_FirstName()[pri:0, instance:selenium.webdriver1.testAladaPage@6bf0219d]" started-at="2022-01-08T07:28:26Z" name="TC_07_Regester_Invalid_FirstName" finished-at="2022-01-08T07:29:00Z" duration-ms="34013" status="FAIL">
          <exception class="org.openqa.selenium.NoSuchElementException">
            <message>
              <![CDATA[Unable to locate element: #txtFirstname\-error
For documentation on this error, please visit: https://selenium.dev/exceptions/#no_such_element
Build info: version: '4.0.0', revision: '3a21814679'
System info: host: 'PNVD222', ip: '192.168.56.1', os.name: 'Windows 10', os.arch: 'amd64', os.version: '10.0', java.version: '17.0.1'
Driver info: org.openqa.selenium.firefox.FirefoxDriver
Command: [e55327c9-1105-4333-acb8-f228d9d6e6ec, findElement {using=id, value=txtFirstname-error}]
Capabilities {acceptInsecureCerts: true, browserName: firefox, browserVersion: 95.0.2, javascriptEnabled: true, moz:accessibilityChecks: false, moz:buildID: 20211218203254, moz:debuggerAddress: localhost:61711, moz:geckodriverVersion: 0.30.0, moz:headless: false, moz:processID: 12944, moz:profile: C:\Users\admin\AppData\Loca..., moz:shutdownTimeout: 60000, moz:useNonSpecCompliantPointerOrigin: false, moz:webdriverClick: true, pageLoadStrategy: normal, platform: WINDOWS, platformName: WINDOWS, platformVersion: 10.0, proxy: Proxy(), se:cdp: ws://localhost:61711/devtoo..., se:cdpVersion: 85, setWindowRect: true, strictFileInteractability: false, timeouts: {implicit: 0, pageLoad: 300000, script: 30000}, unhandledPromptBehavior: dismiss and notify}
Session ID: e55327c9-1105-4333-acb8-f228d9d6e6ec]]>
            </message>
            <full-stacktrace>
              <![CDATA[org.openqa.selenium.NoSuchElementException: Unable to locate element: #txtFirstname\-error
For documentation on this error, please visit: https://selenium.dev/exceptions/#no_such_element
Build info: version: '4.0.0', revision: '3a21814679'
System info: host: 'PNVD222', ip: '192.168.56.1', os.name: 'Windows 10', os.arch: 'amd64', os.version: '10.0', java.version: '17.0.1'
Driver info: org.openqa.selenium.firefox.FirefoxDriver
Command: [e55327c9-1105-4333-acb8-f228d9d6e6ec, findElement {using=id, value=txtFirstname-error}]
Capabilities {acceptInsecureCerts: true, browserName: firefox, browserVersion: 95.0.2, javascriptEnabled: true, moz:accessibilityChecks: false, moz:buildID: 20211218203254, moz:debuggerAddress: localhost:61711, moz:geckodriverVersion: 0.30.0, moz:headless: false, moz:processID: 12944, moz:profile: C:\Users\admin\AppData\Loca..., moz:shutdownTimeout: 60000, moz:useNonSpecCompliantPointerOrigin: false, moz:webdriverClick: true, pageLoadStrategy: normal, platform: WINDOWS, platformName: WINDOWS, platformVersion: 10.0, proxy: Proxy(), se:cdp: ws://localhost:61711/devtoo..., se:cdpVersion: 85, setWindowRect: true, strictFileInteractability: false, timeouts: {implicit: 0, pageLoad: 300000, script: 30000}, unhandledPromptBehavior: dismiss and notify}
Session ID: e55327c9-1105-4333-acb8-f228d9d6e6ec
at java.base/jdk.internal.reflect.NativeConstructorAccessorImpl.newInstance0(Native Method)
at java.base/jdk.internal.reflect.NativeConstructorAccessorImpl.newInstance(NativeConstructorAccessorImpl.java:77)
at java.base/jdk.internal.reflect.DelegatingConstructorAccessorImpl.newInstance(DelegatingConstructorAccessorImpl.java:45)
at java.base/java.lang.reflect.Constructor.newInstanceWithCaller(Constructor.java:499)
at java.base/java.lang.reflect.Constructor.newInstance(Constructor.java:480)
at org.openqa.selenium.remote.codec.w3c.W3CHttpResponseCodec.createException(W3CHttpResponseCodec.java:200)
at org.openqa.selenium.remote.codec.w3c.W3CHttpResponseCodec.decode(W3CHttpResponseCodec.java:133)
at org.openqa.selenium.remote.codec.w3c.W3CHttpResponseCodec.decode(W3CHttpResponseCodec.java:53)
at org.openqa.selenium.remote.HttpCommandExecutor.execute(HttpCommandExecutor.java:184)
at org.openqa.selenium.remote.service.DriverCommandExecutor.invokeExecute(DriverCommandExecutor.java:164)
at org.openqa.selenium.remote.service.DriverCommandExecutor.execute(DriverCommandExecutor.java:139)
at org.openqa.selenium.remote.RemoteWebDriver.execute(RemoteWebDriver.java:559)
at org.openqa.selenium.remote.ElementLocation$ElementFinder$2.findElement(ElementLocation.java:162)
at org.openqa.selenium.remote.ElementLocation.findElement(ElementLocation.java:60)
at org.openqa.selenium.remote.RemoteWebDriver.findElement(RemoteWebDriver.java:383)
at org.openqa.selenium.remote.RemoteWebDriver.findElement(RemoteWebDriver.java:375)
at selenium.webdriver1.testAladaPage.TC_07_Regester_Invalid_FirstName(testAladaPage.java:137)
at java.base/jdk.internal.reflect.NativeMethodAccessorImpl.invoke0(Native Method)
at java.base/jdk.internal.reflect.NativeMethodAccessorImpl.invoke(NativeMethodAccessorImpl.java:77)
at java.base/jdk.internal.reflect.DelegatingMethodAccessorImpl.invoke(DelegatingMethodAccessorImpl.java:43)
at java.base/java.lang.reflect.Method.invoke(Method.java:568)
at org.testng.internal.MethodInvocationHelper.invokeMethod(MethodInvocationHelper.java:124)
at org.testng.internal.Invoker.invokeMethod(Invoker.java:583)
at org.testng.internal.Invoker.invokeTestMethod(Invoker.java:719)
at org.testng.internal.Invoker.invokeTestMethods(Invoker.java:989)
at org.testng.internal.TestMethodWorker.invokeTestMethods(TestMethodWorker.java:125)
at org.testng.internal.TestMethodWorker.run(TestMethodWorker.java:109)
at org.testng.TestRunner.privateRun(TestRunner.java:648)
at org.testng.TestRunner.run(TestRunner.java:505)
at org.testng.SuiteRunner.runTest(SuiteRunner.java:455)
at org.testng.SuiteRunner.runSequentially(SuiteRunner.java:450)
at org.testng.SuiteRunner.privateRun(SuiteRunner.java:415)
at org.testng.SuiteRunner.run(SuiteRunner.java:364)
at org.testng.SuiteRunnerWorker.runSuite(SuiteRunnerWorker.java:52)
at org.testng.SuiteRunnerWorker.run(SuiteRunnerWorker.java:84)
at org.testng.TestNG.runSuitesSequentially(TestNG.java:1208)
at org.testng.TestNG.runSuitesLocally(TestNG.java:1137)
at org.testng.TestNG.runSuites(TestNG.java:1049)
at org.testng.TestNG.run(TestNG.java:1017)
at org.testng.remote.AbstractRemoteTestNG.run(AbstractRemoteTestNG.java:115)
at org.testng.remote.RemoteTestNG.initAndRun(RemoteTestNG.java:251)
at org.testng.remote.RemoteTestNG.main(RemoteTestNG.java:77)
]]>
            </full-stacktrace>
          </exception> <!-- org.openqa.selenium.NoSuchElementException -->
          <reporter-output>
          </reporter-output>
        </test-method> <!-- TC_07_Regester_Invalid_FirstName -->
        <test-method is-config="true" signature="afterClass()[pri:0, instance:selenium.webdriver1.testAladaPage@6bf0219d]" started-at="2022-01-08T07:29:00Z" name="afterClass" finished-at="2022-01-08T07:29:03Z" duration-ms="3464" status="PASS">
          <reporter-output>
          </reporter-output>
        </test-method> <!-- afterClass -->
      </class> <!-- selenium.webdriver1.testAladaPage -->
    </test> <!-- Default test -->
  </suite> <!-- Default suite -->
</testng-results>
